kotlin version: 2.0.21
error message: org.jetbrains.kotlin.backend.common.BackendException: Backend Internal error: Exception during IR lowering
File being compiled: /Users/yonghwan/AndroidStudioProjects/MyApplication/app/src/main/java/com/example/myapplication/TimetableFragment.kt
The root cause java.lang.RuntimeException was thrown at: org.jetbrains.kotlin.backend.jvm.codegen.FunctionCodegen.generate(FunctionCodegen.kt:47)
	at org.jetbrains.kotlin.backend.common.CodegenUtil.reportBackendException(CodegenUtil.kt:253)
	at org.jetbrains.kotlin.backend.common.CodegenUtil.reportBackendException$default(CodegenUtil.kt:236)
	at org.jetbrains.kotlin.backend.common.phaser.PerformByIrFilePhase.invokeSequential(performByIrFile.kt:65)
	at org.jetbrains.kotlin.backend.common.phaser.PerformByIrFilePhase.invoke(performByIrFile.kt:52)
	at org.jetbrains.kotlin.backend.common.phaser.PerformByIrFilePhase.invoke(performByIrFile.kt:38)
	at org.jetbrains.kotlin.backend.common.phaser.NamedCompilerPhase.phaseBody(CompilerPhase.kt:166)
	at org.jetbrains.kotlin.backend.common.phaser.AbstractNamedCompilerPhase.invoke(CompilerPhase.kt:113)
	at org.jetbrains.kotlin.backend.common.phaser.CompositePhase.invoke(PhaseBuilders.kt:27)
	at org.jetbrains.kotlin.backend.common.phaser.CompositePhase.invoke(PhaseBuilders.kt:14)
	at org.jetbrains.kotlin.backend.common.phaser.NamedCompilerPhase.phaseBody(CompilerPhase.kt:166)
	at org.jetbrains.kotlin.backend.common.phaser.AbstractNamedCompilerPhase.invoke(CompilerPhase.kt:113)
	at org.jetbrains.kotlin.backend.common.phaser.CompilerPhaseKt.invokeToplevel(CompilerPhase.kt:62)
	at org.jetbrains.kotlin.backend.jvm.JvmIrCodegenFactory.invokeCodegen(JvmIrCodegenFactory.kt:371)
	at org.jetbrains.kotlin.codegen.CodegenFactory.generateModule(CodegenFactory.kt:47)
	at org.jetbrains.kotlin.backend.jvm.JvmIrCodegenFactory.generateModuleInFrontendIRMode(JvmIrCodegenFactory.kt:433)
	at org.jetbrains.kotlin.cli.jvm.compiler.pipeline.JvmCompilerPipelineKt.generateCodeFromIr(jvmCompilerPipeline.kt:246)
	at org.jetbrains.kotlin.cli.jvm.compiler.pipeline.JvmCompilerPipelineKt.compileModulesUsingFrontendIrAndLightTree(jvmCompilerPipeline.kt:142)
	at org.jetbrains.kotlin.cli.jvm.K2JVMCompiler.doExecute(K2JVMCompiler.kt:148)
	at org.jetbrains.kotlin.cli.jvm.K2JVMCompiler.doExecute(K2JVMCompiler.kt:43)
	at org.jetbrains.kotlin.cli.common.CLICompiler.execImpl(CLICompiler.kt:103)
	at org.jetbrains.kotlin.cli.common.CLICompiler.execImpl(CLICompiler.kt:49)
	at org.jetbrains.kotlin.cli.common.CLITool.exec(CLITool.kt:101)
	at org.jetbrains.kotlin.incremental.IncrementalJvmCompilerRunner.runCompiler(IncrementalJvmCompilerRunner.kt:464)
	at org.jetbrains.kotlin.incremental.IncrementalJvmCompilerRunner.runCompiler(IncrementalJvmCompilerRunner.kt:73)
	at org.jetbrains.kotlin.incremental.IncrementalCompilerRunner.doCompile(IncrementalCompilerRunner.kt:506)
	at org.jetbrains.kotlin.incremental.IncrementalCompilerRunner.compileImpl(IncrementalCompilerRunner.kt:423)
	at org.jetbrains.kotlin.incremental.IncrementalCompilerRunner.tryCompileIncrementally$lambda$9$compile(IncrementalCompilerRunner.kt:249)
	at org.jetbrains.kotlin.incremental.IncrementalCompilerRunner.tryCompileIncrementally(IncrementalCompilerRunner.kt:267)
	at org.jetbrains.kotlin.incremental.IncrementalCompilerRunner.compile(IncrementalCompilerRunner.kt:120)
	at org.jetbrains.kotlin.daemon.CompileServiceImplBase.execIncrementalCompiler(CompileServiceImpl.kt:675)
	at org.jetbrains.kotlin.daemon.CompileServiceImplBase.access$execIncrementalCompiler(CompileServiceImpl.kt:92)
	at org.jetbrains.kotlin.daemon.CompileServiceImpl.compile(CompileServiceImpl.kt:1660)
	at java.base/jdk.internal.reflect.DirectMethodHandleAccessor.invoke(Unknown Source)
	at java.base/java.lang.reflect.Method.invoke(Unknown Source)
	at java.rmi/sun.rmi.server.UnicastServerRef.dispatch(Unknown Source)
	at java.rmi/sun.rmi.transport.Transport$1.run(Unknown Source)
	at java.rmi/sun.rmi.transport.Transport$1.run(Unknown Source)
	at java.base/java.security.AccessController.doPrivileged(Unknown Source)
	at java.rmi/sun.rmi.transport.Transport.serviceCall(Unknown Source)
	at java.rmi/sun.rmi.transport.tcp.TCPTransport.handleMessages(Unknown Source)
	at java.rmi/sun.rmi.transport.tcp.TCPTransport$ConnectionHandler.run0(Unknown Source)
	at java.rmi/sun.rmi.transport.tcp.TCPTransport$ConnectionHandler.lambda$run$0(Unknown Source)
	at java.base/java.security.AccessController.doPrivileged(Unknown Source)
	at java.rmi/sun.rmi.transport.tcp.TCPTransport$ConnectionHandler.run(Unknown Source)
	at java.base/java.util.concurrent.ThreadPoolExecutor.runWorker(Unknown Source)
	at java.base/java.util.concurrent.ThreadPoolExecutor$Worker.run(Unknown Source)
	at java.base/java.lang.Thread.run(Unknown Source)
Caused by: java.lang.RuntimeException: Exception while generating code for:
FUN name:createTimetable visibility:private modality:FINAL <> ($this:com.example.myapplication.TimetableFragment) returnType:kotlin.Unit
  $this: VALUE_PARAMETER name:<this> type:com.example.myapplication.TimetableFragment
  BLOCK_BODY
    VAR name:headerRow type:android.widget.TableRow [val]
      CALL 'public final fun apply <T> (block: @[ExtensionFunctionType] kotlin.Function1<T of kotlin.StandardKt.apply, kotlin.Unit>): T of kotlin.StandardKt.apply [inline] declared in kotlin.StandardKt' type=android.widget.TableRow origin=null
        <T>: android.widget.TableRow
        $receiver: CONSTRUCTOR_CALL 'public constructor <init> (p0: @[FlexibleNullability] android.content.Context?) declared in android.widget.TableRow' type=android.widget.TableRow origin=null
          p0: CALL 'public open fun getContext (): @[EnhancedNullability] android.content.Context? [fake_override] declared in com.example.myapplication.TimetableFragment' type=@[EnhancedNullability] android.content.Context? origin=GET_PROPERTY
            $this: GET_VAR '<this>: com.example.myapplication.TimetableFragment declared in com.example.myapplication.TimetableFragment.createTimetable' type=com.example.myapplication.TimetableFragment origin=null
        block: BLOCK type=@[ExtensionFunctionType] kotlin.Function1<android.widget.TableRow, kotlin.Unit> origin=LAMBDA
          COMPOSITE type=kotlin.Unit origin=null
          FUNCTION_REFERENCE 'private final fun createTimetable$lambda$0 (): kotlin.Unit declared in com.example.myapplication.TimetableFragment' type=@[ExtensionFunctionType] kotlin.Function1<android.widget.TableRow, kotlin.Unit> origin=INLINE_LAMBDA reflectionTarget=null
    VAR name:emptyHeader type:android.widget.TextView [val]
      CALL 'public final fun apply <T> (block: @[ExtensionFunctionType] kotlin.Function1<T of kotlin.StandardKt.apply, kotlin.Unit>): T of kotlin.StandardKt.apply [inline] declared in kotlin.StandardKt' type=android.widget.TextView origin=null
        <T>: android.widget.TextView
        $receiver: CONSTRUCTOR_CALL 'public constructor <init> (p0: @[FlexibleNullability] android.content.Context?) declared in android.widget.TextView' type=android.widget.TextView origin=null
          p0: CALL 'public open fun getContext (): @[EnhancedNullability] android.content.Context? [fake_override] declared in com.example.myapplication.TimetableFragment' type=@[EnhancedNullability] android.content.Context? origin=GET_PROPERTY
            $this: GET_VAR '<this>: com.example.myapplication.TimetableFragment declared in com.example.myapplication.TimetableFragment.createTimetable' type=com.example.myapplication.TimetableFragment origin=null
        block: BLOCK type=@[ExtensionFunctionType] kotlin.Function1<android.widget.TextView, kotlin.Unit> origin=LAMBDA
          COMPOSITE type=kotlin.Unit origin=null
          FUNCTION_REFERENCE 'private final fun createTimetable$lambda$2 (): kotlin.Unit declared in com.example.myapplication.TimetableFragment' type=@[ExtensionFunctionType] kotlin.Function1<android.widget.TextView, kotlin.Unit> origin=INLINE_LAMBDA reflectionTarget=null
    CALL 'public open fun addView (p0: @[FlexibleNullability] android.view.View?): kotlin.Unit [fake_override] declared in android.widget.TableRow' type=kotlin.Unit origin=null
      $this: GET_VAR 'val headerRow: android.widget.TableRow [val] declared in com.example.myapplication.TimetableFragment.createTimetable' type=android.widget.TableRow origin=null
      p0: GET_VAR 'val emptyHeader: android.widget.TextView [val] declared in com.example.myapplication.TimetableFragment.createTimetable' type=android.widget.TextView origin=null
    VAR name:days type:kotlin.Array<kotlin.String> [val]
      BLOCK type=kotlin.Array<out kotlin.String> origin=null
        VAR IR_TEMPORARY_VARIABLE name:tmp0 type:kotlin.Array<out kotlin.String> [val]
          CALL 'public final fun arrayOfNulls <T> (size: kotlin.Int): kotlin.Array<T of kotlin.arrayOfNulls?> declared in kotlin' type=kotlin.Array<out kotlin.String> origin=null
            <T>: kotlin.String
            size: CONST Int type=kotlin.Int value=5
        CALL 'public final fun set (index: kotlin.Int, value: T of kotlin.Array): kotlin.Unit [operator] declared in kotlin.Array' type=kotlin.Unit origin=null
          $this: GET_VAR 'val tmp0: kotlin.Array<out kotlin.String> [val] declared in com.example.myapplication.TimetableFragment.createTimetable' type=kotlin.Array<out kotlin.String> origin=null
          index: CONST Int type=kotlin.Int value=0
          value: CONST String type=kotlin.String value="월"
        CALL 'public final fun set (index: kotlin.Int, value: T of kotlin.Array): kotlin.Unit [operator] declared in kotlin.Array' type=kotlin.Unit origin=null
          $this: GET_VAR 'val tmp0: kotlin.Array<out kotlin.String> [val] declared in com.example.myapplication.TimetableFragment.createTimetable' type=kotlin.Array<out kotlin.String> origin=null
          index: CONST Int type=kotlin.Int value=1
          value: CONST String type=kotlin.String value="화"
        CALL 'public final fun set (index: kotlin.Int, value: T of kotlin.Array): kotlin.Unit [operator] declared in kotlin.Array' type=kotlin.Unit origin=null
          $this: GET_VAR 'val tmp0: kotlin.Array<out kotlin.String> [val] declared in com.example.myapplication.TimetableFragment.createTimetable' type=kotlin.Array<out kotlin.String> origin=null
          index: CONST Int type=kotlin.Int value=2
          value: CONST String type=kotlin.String value="수"
        CALL 'public final fun set (index: kotlin.Int, value: T of kotlin.Array): kotlin.Unit [operator] declared in kotlin.Array' type=kotlin.Unit origin=null
          $this: GET_VAR 'val tmp0: kotlin.Array<out kotlin.String> [val] declared in com.example.myapplication.TimetableFragment.createTimetable' type=kotlin.Array<out kotlin.String> origin=null
          index: CONST Int type=kotlin.Int value=3
          value: CONST String type=kotlin.String value="목"
        CALL 'public final fun set (index: kotlin.Int, value: T of kotlin.Array): kotlin.Unit [operator] declared in kotlin.Array' type=kotlin.Unit origin=null
          $this: GET_VAR 'val tmp0: kotlin.Array<out kotlin.String> [val] declared in com.example.myapplication.TimetableFragment.createTimetable' type=kotlin.Array<out kotlin.String> origin=null
          index: CONST Int type=kotlin.Int value=4
          value: CONST String type=kotlin.String value="금"
        GET_VAR 'val tmp0: kotlin.Array<out kotlin.String> [val] declared in com.example.myapplication.TimetableFragment.createTimetable' type=kotlin.Array<out kotlin.String> origin=null
    BLOCK type=kotlin.Unit origin=FOR_LOOP
      COMPOSITE type=kotlin.Unit origin=null
        VAR IR_TEMPORARY_VARIABLE name:inductionVariable type:kotlin.Int [var]
          CONST Int type=kotlin.Int value=0
        VAR IR_TEMPORARY_VARIABLE name:last type:kotlin.Int [val]
          CALL 'public final fun <get-size> (): kotlin.Int declared in kotlin.Array' type=kotlin.Int origin=null
            $this: GET_VAR 'val days: kotlin.Array<kotlin.String> [val] declared in com.example.myapplication.TimetableFragment.createTimetable' type=kotlin.Array<kotlin.String> origin=null
      DO_WHILE label=TimetableFragment$createTimetable1 origin=null
        body: COMPOSITE type=kotlin.Unit origin=FOR_LOOP_INNER_WHILE
          COMPOSITE type=kotlin.Unit origin=FOR_LOOP_NEXT
            WHEN type=kotlin.Unit origin=null
              BRANCH
                if: CALL 'public final fun not (): kotlin.Boolean [operator] declared in kotlin.Boolean' type=kotlin.Boolean origin=null
                  $this: CALL 'public final fun less (arg0: kotlin.Int, arg1: kotlin.Int): kotlin.Boolean declared in kotlin.internal.ir' type=kotlin.Boolean origin=null
                    arg0: GET_VAR 'var inductionVariable: kotlin.Int [var] declared in com.example.myapplication.TimetableFragment.createTimetable' type=kotlin.Int origin=null
                    arg1: GET_VAR 'val last: kotlin.Int [val] declared in com.example.myapplication.TimetableFragment.createTimetable' type=kotlin.Int origin=null
                then: BREAK label=null loop.label=TimetableFragment$createTimetable1
            VAR FOR_LOOP_VARIABLE name:dayName type:kotlin.String [val]
              TYPE_OP type=kotlin.String origin=IMPLICIT_CAST typeOperand=kotlin.String
                CALL 'public final fun get (index: kotlin.Int): T of kotlin.Array [operator] declared in kotlin.Array' type=T of kotlin.Array origin=null
                  $this: GET_VAR 'val days: kotlin.Array<kotlin.String> [val] declared in com.example.myapplication.TimetableFragment.createTimetable' type=kotlin.Array<kotlin.String> origin=null
                  index: GET_VAR 'var inductionVariable: kotlin.Int [var] declared in com.example.myapplication.TimetableFragment.createTimetable' type=kotlin.Int origin=null
          BLOCK type=kotlin.Unit origin=null
            VAR name:dayHeader type:android.widget.TextView [val]
              CALL 'public final fun apply <T> (block: @[ExtensionFunctionType] kotlin.Function1<T of kotlin.StandardKt.apply, kotlin.Unit>): T of kotlin.StandardKt.apply [inline] declared in kotlin.StandardKt' type=android.widget.TextView origin=null
                <T>: android.widget.TextView
                $receiver: CONSTRUCTOR_CALL 'public constructor <init> (p0: @[FlexibleNullability] android.content.Context?) declared in android.widget.TextView' type=android.widget.TextView origin=null
                  p0: CALL 'public open fun getContext (): @[EnhancedNullability] android.content.Context? [fake_override] declared in com.example.myapplication.TimetableFragment' type=@[EnhancedNullability] android.content.Context? origin=GET_PROPERTY
                    $this: GET_VAR '<this>: com.example.myapplication.TimetableFragment declared in com.example.myapplication.TimetableFragment.createTimetable' type=com.example.myapplication.TimetableFragment origin=null
                block: BLOCK type=@[ExtensionFunctionType] kotlin.Function1<android.widget.TextView, kotlin.Unit> origin=LAMBDA
                  COMPOSITE type=kotlin.Unit origin=null
                  FUNCTION_REFERENCE 'private final fun createTimetable$lambda$4 ($dayName: kotlin.String): kotlin.Unit declared in com.example.myapplication.TimetableFragment' type=@[ExtensionFunctionType] kotlin.Function1<android.widget.TextView, kotlin.Unit> origin=INLINE_LAMBDA reflectionTarget=null
                    $dayName: GET_VAR 'val dayName: kotlin.String [val] declared in com.example.myapplication.TimetableFragment.createTimetable' type=kotlin.String origin=null
            CALL 'public open fun addView (p0: @[FlexibleNullability] android.view.View?): kotlin.Unit [fake_override] declared in android.widget.TableRow' type=kotlin.Unit origin=null
              $this: GET_VAR 'val headerRow: android.widget.TableRow [val] declared in com.example.myapplication.TimetableFragment.createTimetable' type=android.widget.TableRow origin=null
              p0: GET_VAR 'val dayHeader: android.widget.TextView [val] declared in com.example.myapplication.TimetableFragment.createTimetable' type=android.widget.TextView origin=null
        condition: COMPOSITE type=kotlin.Boolean origin=null
          CALL 'public final fun <int-prefix-incr-decr> (value: kotlin.Int, delta: kotlin.Int): kotlin.Int declared in kotlin.jvm.internal' type=kotlin.Int origin=null
            value: GET_VAR 'var inductionVariable: kotlin.Int [var] declared in com.example.myapplication.TimetableFragment.createTimetable' type=kotlin.Int origin=null
            delta: CONST Int type=kotlin.Int value=1
          CONST Boolean type=kotlin.Boolean value=true
    CALL 'public open fun addView (p0: @[FlexibleNullability] android.view.View?): kotlin.Unit declared in android.widget.TableLayout' type=kotlin.Unit origin=null
      $this: BLOCK type=android.widget.TableLayout origin=FOLDED_ELVIS
        WHEN type=android.widget.TableLayout origin=FOLDED_ELVIS
          BRANCH
            if: COMPOSITE type=kotlin.Boolean origin=null
              VAR IR_TEMPORARY_VARIABLE name:tmp0 type:android.widget.TableLayout? [val]
                GET_FIELD 'FIELD PROPERTY_BACKING_FIELD name:tableLayout type:android.widget.TableLayout? visibility:private' type=android.widget.TableLayout? origin=null
                  receiver: GET_VAR '<this>: com.example.myapplication.TimetableFragment declared in com.example.myapplication.TimetableFragment.createTimetable' type=com.example.myapplication.TimetableFragment origin=null
              CALL 'public final fun not (): kotlin.Boolean [operator] declared in kotlin.Boolean' type=kotlin.Boolean origin=null
                $this: CALL 'public final fun EQEQ (arg0: kotlin.Any?, arg1: kotlin.Any?): kotlin.Boolean declared in kotlin.internal.ir' type=kotlin.Boolean origin=null
                  arg0: GET_VAR 'val tmp0: android.widget.TableLayout? [val] declared in com.example.myapplication.TimetableFragment.createTimetable' type=android.widget.TableLayout? origin=null
                  arg1: CONST Null type=kotlin.Nothing? value=null
            then: GET_VAR 'val tmp0: android.widget.TableLayout? [val] declared in com.example.myapplication.TimetableFragment.createTimetable' type=android.widget.TableLayout? origin=null
          BRANCH
            if: CONST Boolean type=kotlin.Boolean value=true
            then: BLOCK type=kotlin.Unit origin=null
              CALL 'public final fun throwUninitializedPropertyAccessException (propertyName: kotlin.String): kotlin.Unit declared in kotlin.jvm.internal.Intrinsics' type=kotlin.Unit origin=null
                propertyName: CONST String type=kotlin.String value="tableLayout"
      p0: GET_VAR 'val headerRow: android.widget.TableRow [val] declared in com.example.myapplication.TimetableFragment.createTimetable' type=android.widget.TableRow origin=null
    BLOCK type=kotlin.Unit origin=FOR_LOOP
      COMPOSITE type=kotlin.Unit origin=null
        VAR FOR_LOOP_VARIABLE name:period type:kotlin.Int [var]
          CONST Int type=kotlin.Int value=1
        VAR IR_TEMPORARY_VARIABLE name:last type:kotlin.Int [val]
          GET_FIELD 'FIELD PROPERTY_BACKING_FIELD name:periods type:kotlin.Int visibility:private [final]' type=kotlin.Int origin=null
            receiver: GET_VAR '<this>: com.example.myapplication.TimetableFragment declared in com.example.myapplication.TimetableFragment.createTimetable' type=com.example.myapplication.TimetableFragment origin=null
      WHEN type=kotlin.Unit origin=null
        BRANCH
          if: CALL 'public final fun lessOrEqual (arg0: kotlin.Int, arg1: kotlin.Int): kotlin.Boolean declared in kotlin.internal.ir' type=kotlin.Boolean origin=null
            arg0: GET_VAR 'var period: kotlin.Int [var] declared in com.example.myapplication.TimetableFragment.createTimetable' type=kotlin.Int origin=null
            arg1: GET_VAR 'val last: kotlin.Int [val] declared in com.example.myapplication.TimetableFragment.createTimetable' type=kotlin.Int origin=null
          then: DO_WHILE label=TimetableFragment$createTimetable2 origin=DO_WHILE_COUNTER_LOOP
            body: COMPOSITE type=kotlin.Unit origin=FOR_LOOP_INNER_WHILE
              COMPOSITE type=kotlin.Unit origin=FOR_LOOP_NEXT
              BLOCK type=kotlin.Unit origin=null
                VAR name:tableRow type:android.widget.TableRow [val]
                  CALL 'public final fun apply <T> (block: @[ExtensionFunctionType] kotlin.Function1<T of kotlin.StandardKt.apply, kotlin.Unit>): T of kotlin.StandardKt.apply [inline] declared in kotlin.StandardKt' type=android.widget.TableRow origin=null
                    <T>: android.widget.TableRow
                    $receiver: CONSTRUCTOR_CALL 'public constructor <init> (p0: @[FlexibleNullability] android.content.Context?) declared in android.widget.TableRow' type=android.widget.TableRow origin=null
                      p0: CALL 'public open fun getContext (): @[EnhancedNullability] android.content.Context? [fake_override] declared in com.example.myapplication.TimetableFragment' type=@[EnhancedNullability] android.content.Context? origin=GET_PROPERTY
                        $this: GET_VAR '<this>: com.example.myapplication.TimetableFragment declared in com.example.myapplication.TimetableFragment.createTimetable' type=com.example.myapplication.TimetableFragment origin=null
                    block: BLOCK type=@[ExtensionFunctionType] kotlin.Function1<android.widget.TableRow, kotlin.Unit> origin=LAMBDA
                      COMPOSITE type=kotlin.Unit origin=null
                      FUNCTION_REFERENCE 'private final fun createTimetable$lambda$5 (): kotlin.Unit declared in com.example.myapplication.TimetableFragment' type=@[ExtensionFunctionType] kotlin.Function1<android.widget.TableRow, kotlin.Unit> origin=INLINE_LAMBDA reflectionTarget=null
                VAR name:periodText type:android.widget.TextView [val]
                  CALL 'public final fun apply <T> (block: @[ExtensionFunctionType] kotlin.Function1<T of kotlin.StandardKt.apply, kotlin.Unit>): T of kotlin.StandardKt.apply [inline] declared in kotlin.StandardKt' type=android.widget.TextView origin=null
                    <T>: android.widget.TextView
                    $receiver: CONSTRUCTOR_CALL 'public constructor <init> (p0: @[FlexibleNullability] android.content.Context?) declared in android.widget.TextView' type=android.widget.TextView origin=null
                      p0: CALL 'public open fun getContext (): @[EnhancedNullability] android.content.Context? [fake_override] declared in com.example.myapplication.TimetableFragment' type=@[EnhancedNullability] android.content.Context? origin=GET_PROPERTY
                        $this: GET_VAR '<this>: com.example.myapplication.TimetableFragment declared in com.example.myapplication.TimetableFragment.createTimetable' type=com.example.myapplication.TimetableFragment origin=null
                    block: BLOCK type=@[ExtensionFunctionType] kotlin.Function1<android.widget.TextView, kotlin.Unit> origin=LAMBDA
                      COMPOSITE type=kotlin.Unit origin=null
                      FUNCTION_REFERENCE 'private final fun createTimetable$lambda$7 ($period: kotlin.Int): kotlin.Unit declared in com.example.myapplication.TimetableFragment' type=@[ExtensionFunctionType] kotlin.Function1<android.widget.TextView, kotlin.Unit> origin=INLINE_LAMBDA reflectionTarget=null
                        $period: GET_VAR 'var period: kotlin.Int [var] declared in com.example.myapplication.TimetableFragment.createTimetable' type=kotlin.Int origin=null
                CALL 'public open fun addView (p0: @[FlexibleNullability] android.view.View?): kotlin.Unit [fake_override] declared in android.widget.TableRow' type=kotlin.Unit origin=null
                  $this: GET_VAR 'val tableRow: android.widget.TableRow [val] declared in com.example.myapplication.TimetableFragment.createTimetable' type=android.widget.TableRow origin=null
                  p0: GET_VAR 'val periodText: android.widget.TextView [val] declared in com.example.myapplication.TimetableFragment.createTimetable' type=android.widget.TextView origin=null
                BLOCK type=kotlin.Unit origin=FOR_LOOP
                  COMPOSITE type=kotlin.Unit origin=null
                    VAR FOR_LOOP_VARIABLE name:day type:kotlin.Int [var]
                      CONST Int type=kotlin.Int value=0
                  DO_WHILE label=TimetableFragment$createTimetable3 origin=DO_WHILE_COUNTER_LOOP
                    body: COMPOSITE type=kotlin.Unit origin=FOR_LOOP_INNER_WHILE
                      COMPOSITE type=kotlin.Unit origin=FOR_LOOP_NEXT
                        WHEN type=kotlin.Unit origin=null
                          BRANCH
                            if: CALL 'public final fun not (): kotlin.Boolean [operator] declared in kotlin.Boolean' type=kotlin.Boolean origin=null
                              $this: CALL 'public final fun less (arg0: kotlin.Int, arg1: kotlin.Int): kotlin.Boolean declared in kotlin.internal.ir' type=kotlin.Boolean origin=null
                                arg0: GET_VAR 'var day: kotlin.Int [var] declared in com.example.myapplication.TimetableFragment.createTimetable' type=kotlin.Int origin=null
                                arg1: CONST Int type=kotlin.Int value=5
                            then: BREAK label=null loop.label=TimetableFragment$createTimetable3
                      BLOCK type=kotlin.Unit origin=null
                        VAR name:subjectCell type:android.widget.TextView [val]
                          CALL 'public final fun apply <T> (block: @[ExtensionFunctionType] kotlin.Function1<T of kotlin.StandardKt.apply, kotlin.Unit>): T of kotlin.StandardKt.apply [inline] declared in kotlin.StandardKt' type=android.widget.TextView origin=null
                            <T>: android.widget.TextView
                            $receiver: CONSTRUCTOR_CALL 'public constructor <init> (p0: @[FlexibleNullability] android.content.Context?) declared in android.widget.TextView' type=android.widget.TextView origin=null
                              p0: CALL 'public open fun getContext (): @[EnhancedNullability] android.content.Context? [fake_override] declared in com.example.myapplication.TimetableFragment' type=@[EnhancedNullability] android.content.Context? origin=GET_PROPERTY
                                $this: GET_VAR '<this>: com.example.myapplication.TimetableFragment declared in com.example.myapplication.TimetableFragment.createTimetable' type=com.example.myapplication.TimetableFragment origin=null
                            block: BLOCK type=@[ExtensionFunctionType] kotlin.Function1<android.widget.TextView, kotlin.Unit> origin=LAMBDA
                              COMPOSITE type=kotlin.Unit origin=null
                              FUNCTION_REFERENCE 'private final fun createTimetable$lambda$10 ($period: kotlin.Int, $day: kotlin.Int, this$0: com.example.myapplication.TimetableFragment): kotlin.Unit declared in com.example.myapplication.TimetableFragment' type=@[ExtensionFunctionType] kotlin.Function1<android.widget.TextView, kotlin.Unit> origin=INLINE_LAMBDA reflectionTarget=null
                                $period: GET_VAR 'var period: kotlin.Int [var] declared in com.example.myapplication.TimetableFragment.createTimetable' type=kotlin.Int origin=null
                                $day: GET_VAR 'var day: kotlin.Int [var] declared in com.example.myapplication.TimetableFragment.createTimetable' type=kotlin.Int origin=null
                                this$0: GET_VAR '<this>: com.example.myapplication.TimetableFragment declared in com.example.myapplication.TimetableFragment.createTimetable' type=com.example.myapplication.TimetableFragment origin=null
                        CALL 'public open fun addView (p0: @[FlexibleNullability] android.view.View?): kotlin.Unit [fake_override] declared in android.widget.TableRow' type=kotlin.Unit origin=null
                          $this: GET_VAR 'val tableRow: android.widget.TableRow [val] declared in com.example.myapplication.TimetableFragment.createTimetable' type=android.widget.TableRow origin=null
                          p0: GET_VAR 'val subjectCell: android.widget.TextView [val] declared in com.example.myapplication.TimetableFragment.createTimetable' type=android.widget.TextView origin=null
                    condition: COMPOSITE type=kotlin.Boolean origin=null
                      CALL 'public final fun <int-prefix-incr-decr> (value: kotlin.Int, delta: kotlin.Int): kotlin.Int declared in kotlin.jvm.internal' type=kotlin.Int origin=null
                        value: GET_VAR 'var day: kotlin.Int [var] declared in com.example.myapplication.TimetableFragment.createTimetable' type=kotlin.Int origin=null
                        delta: CONST Int type=kotlin.Int value=1
                      CONST Boolean type=kotlin.Boolean value=true
                CALL 'public open fun addView (p0: @[FlexibleNullability] android.view.View?): kotlin.Unit declared in android.widget.TableLayout' type=kotlin.Unit origin=null
                  $this: BLOCK type=android.widget.TableLayout origin=FOLDED_ELVIS
                    WHEN type=android.widget.TableLayout origin=FOLDED_ELVIS
                      BRANCH
                        if: COMPOSITE type=kotlin.Boolean origin=null
                          VAR IR_TEMPORARY_VARIABLE name:tmp0 type:android.widget.TableLayout? [val]
                            GET_FIELD 'FIELD PROPERTY_BACKING_FIELD name:tableLayout type:android.widget.TableLayout? visibility:private' type=android.widget.TableLayout? origin=null
                              receiver: GET_VAR '<this>: com.example.myapplication.TimetableFragment declared in com.example.myapplication.TimetableFragment.createTimetable' type=com.example.myapplication.TimetableFragment origin=null
                          CALL 'public final fun not (): kotlin.Boolean [operator] declared in kotlin.Boolean' type=kotlin.Boolean origin=null
                            $this: CALL 'public final fun EQEQ (arg0: kotlin.Any?, arg1: kotlin.Any?): kotlin.Boolean declared in kotlin.internal.ir' type=kotlin.Boolean origin=null
                              arg0: GET_VAR 'val tmp0: android.widget.TableLayout? [val] declared in com.example.myapplication.TimetableFragment.createTimetable' type=android.widget.TableLayout? origin=null
                              arg1: CONST Null type=kotlin.Nothing? value=null
                        then: GET_VAR 'val tmp0: android.widget.TableLayout? [val] declared in com.example.myapplication.TimetableFragment.createTimetable' type=android.widget.TableLayout? origin=null
                      BRANCH
                        if: CONST Boolean type=kotlin.Boolean value=true
                        then: BLOCK type=kotlin.Unit origin=null
                          CALL 'public final fun throwUninitializedPropertyAccessException (propertyName: kotlin.String): kotlin.Unit declared in kotlin.jvm.internal.Intrinsics' type=kotlin.Unit origin=null
                            propertyName: CONST String type=kotlin.String value="tableLayout"
                  p0: GET_VAR 'val tableRow: android.widget.TableRow [val] declared in com.example.myapplication.TimetableFragment.createTimetable' type=android.widget.TableRow origin=null
            condition: COMPOSITE type=kotlin.Boolean origin=null
              WHEN type=kotlin.Unit origin=null
                BRANCH
                  if: CALL 'public final fun EQEQ (arg0: kotlin.Any?, arg1: kotlin.Any?): kotlin.Boolean declared in kotlin.internal.ir' type=kotlin.Boolean origin=EXCLEQ
                    arg0: GET_VAR 'var period: kotlin.Int [var] declared in com.example.myapplication.TimetableFragment.createTimetable' type=kotlin.Int origin=null
                    arg1: GET_VAR 'val last: kotlin.Int [val] declared in com.example.myapplication.TimetableFragment.createTimetable' type=kotlin.Int origin=null
                  then: BREAK label=null loop.label=TimetableFragment$createTimetable2
              CALL 'public final fun <int-prefix-incr-decr> (value: kotlin.Int, delta: kotlin.Int): kotlin.Int declared in kotlin.jvm.internal' type=kotlin.Int origin=null
                value: GET_VAR 'var period: kotlin.Int [var] declared in com.example.myapplication.TimetableFragment.createTimetable' type=kotlin.Int origin=null
                delta: CONST Int type=kotlin.Int value=1
              CONST Boolean type=kotlin.Boolean value=true

	at org.jetbrains.kotlin.backend.jvm.codegen.FunctionCodegen.generate(FunctionCodegen.kt:47)
	at org.jetbrains.kotlin.backend.jvm.codegen.FunctionCodegen.generate$default(FunctionCodegen.kt:40)
	at org.jetbrains.kotlin.backend.jvm.codegen.ClassCodegen.generateMethodNode(ClassCodegen.kt:406)
	at org.jetbrains.kotlin.backend.jvm.codegen.ClassCodegen.generateMethod(ClassCodegen.kt:423)
	at org.jetbrains.kotlin.backend.jvm.codegen.ClassCodegen.generate(ClassCodegen.kt:168)
	at org.jetbrains.kotlin.backend.jvm.FileCodegen.lower(JvmPhases.kt:39)
	at org.jetbrains.kotlin.backend.common.phaser.PhaseFactoriesKt.createFilePhase$lambda$4(PhaseFactories.kt:71)
	at org.jetbrains.kotlin.backend.common.phaser.PhaseBuildersKt$createSimpleNamedCompilerPhase$1.phaseBody(PhaseBuilders.kt:69)
	at org.jetbrains.kotlin.backend.common.phaser.SimpleNamedCompilerPhase.phaseBody(CompilerPhase.kt:226)
	at org.jetbrains.kotlin.backend.common.phaser.AbstractNamedCompilerPhase.invoke(CompilerPhase.kt:113)
	at org.jetbrains.kotlin.backend.common.phaser.PerformByIrFilePhase.invokeSequential(performByIrFile.kt:62)
	... 44 more
Caused by: java.lang.RuntimeException: Exception while generating code for:
FUN INLINE_LAMBDA name:createTimetable$lambda$4 visibility:private modality:FINAL <> ($receiver:android.widget.TextView, $dayName:kotlin.String) returnType:kotlin.Unit
  $receiver: VALUE_PARAMETER name:$this$apply type:android.widget.TextView
  VALUE_PARAMETER BOUND_VALUE_PARAMETER name:$dayName index:0 type:kotlin.String
  BLOCK_BODY
    VAR name:$i$a$-apply-TimetableFragment$createTimetable$dayHeader$1 type:kotlin.Int [val]
      CONST Int type=kotlin.Int value=0
    CALL 'public final fun setText (p0: @[FlexibleNullability] kotlin.CharSequence?): kotlin.Unit declared in android.widget.TextView' type=kotlin.Unit origin=EQ
      $this: GET_VAR '$this$apply: android.widget.TextView declared in com.example.myapplication.TimetableFragment.createTimetable$lambda$4' type=android.widget.TextView origin=null
      p0: GET_VAR '$dayName: kotlin.String declared in com.example.myapplication.TimetableFragment.createTimetable$lambda$4' type=kotlin.String origin=null
    CALL 'public open fun setBackgroundColor (p0: kotlin.Int): kotlin.Unit [fake_override] declared in android.widget.TextView' type=kotlin.Unit origin=null
      $this: GET_VAR '$this$apply: android.widget.TextView declared in com.example.myapplication.TimetableFragment.createTimetable$lambda$4' type=android.widget.TextView origin=null
      p0: CALL 'public open fun parseColor (p0: @[FlexibleNullability] kotlin.String?): kotlin.Int declared in android.graphics.Color' type=kotlin.Int origin=null
        p0: CONST String type=kotlin.String value="#808080"
    CALL 'public open fun setTextColor (p0: kotlin.Int): kotlin.Unit declared in android.widget.TextView' type=kotlin.Unit origin=null
      $this: GET_VAR '$this$apply: android.widget.TextView declared in com.example.myapplication.TimetableFragment.createTimetable$lambda$4' type=android.widget.TextView origin=null
      p0: CONST Int type=kotlin.Int value=-1
    CALL 'public open fun setGravity (p0: kotlin.Int): kotlin.Unit declared in android.widget.TextView' type=kotlin.Unit origin=EQ
      $this: GET_VAR '$this$apply: android.widget.TextView declared in com.example.myapplication.TimetableFragment.createTimetable$lambda$4' type=android.widget.TextView origin=null
      p0: CONST Int type=kotlin.Int value=17
    CALL 'public open fun setPadding (p0: kotlin.Int, p1: kotlin.Int, p2: kotlin.Int, p3: kotlin.Int): kotlin.Unit declared in android.widget.TextView' type=kotlin.Unit origin=null
      $this: GET_VAR '$this$apply: android.widget.TextView declared in com.example.myapplication.TimetableFragment.createTimetable$lambda$4' type=android.widget.TextView origin=null
      p0: CONST Int type=kotlin.Int value=8
      p1: CONST Int type=kotlin.Int value=12
      p2: CONST Int type=kotlin.Int value=8
      p3: CONST Int type=kotlin.Int value=12
    SET_FIELD 'FIELD IR_EXTERNAL_JAVA_DECLARATION_STUB name:textStyle type:kotlin.Int visibility:public [final,static] declared in android.R.attr' type=kotlin.Unit superQualifierSymbol=android.R.attr origin=EQ
      value: CONST Int type=kotlin.Int value=1
    CALL 'public open fun setLayoutParams (p0: @[FlexibleNullability] android.view.ViewGroup.LayoutParams?): kotlin.Unit [fake_override] declared in android.widget.TextView' type=kotlin.Unit origin=EQ
      $this: GET_VAR '$this$apply: android.widget.TextView declared in com.example.myapplication.TimetableFragment.createTimetable$lambda$4' type=android.widget.TextView origin=null
      p0: CALL 'public final fun apply <T> (block: @[ExtensionFunctionType] kotlin.Function1<T of kotlin.StandardKt.apply, kotlin.Unit>): T of kotlin.StandardKt.apply [inline] declared in kotlin.StandardKt' type=android.widget.TableRow.LayoutParams origin=null
        <T>: android.widget.TableRow.LayoutParams
        $receiver: CONSTRUCTOR_CALL 'public constructor <init> (p0: kotlin.Int, p1: kotlin.Int, p2: kotlin.Float) declared in android.widget.TableRow.LayoutParams' type=android.widget.TableRow.LayoutParams origin=null
          p0: CONST Int type=kotlin.Int value=0
          p1: CONST Int type=kotlin.Int value=-2
          p2: CONST Float type=kotlin.Float value=1.0
        block: BLOCK type=@[ExtensionFunctionType] kotlin.Function1<android.widget.TableRow.LayoutParams, kotlin.Unit> origin=LAMBDA
          COMPOSITE type=kotlin.Unit origin=null
          FUNCTION_REFERENCE 'private final fun createTimetable$lambda$4$lambda$3 (): kotlin.Unit declared in com.example.myapplication.TimetableFragment' type=@[ExtensionFunctionType] kotlin.Function1<android.widget.TableRow.LayoutParams, kotlin.Unit> origin=INLINE_LAMBDA reflectionTarget=null

	at org.jetbrains.kotlin.backend.jvm.codegen.FunctionCodegen.generate(FunctionCodegen.kt:47)
	at org.jetbrains.kotlin.backend.jvm.codegen.IrSourceCompilerForInline.generateLambdaBody(IrSourceCompilerForInline.kt:67)
	at org.jetbrains.kotlin.codegen.inline.ExpressionLambda.generateLambdaBody(LambdaInfo.kt:72)
	at org.jetbrains.kotlin.backend.jvm.codegen.IrInlineCodegen.genValueAndPut(IrInlineCodegen.kt:100)
	at org.jetbrains.kotlin.backend.jvm.codegen.ExpressionCodegen.visitCall$handleParameter(ExpressionCodegen.kt:616)
	at org.jetbrains.kotlin.backend.jvm.codegen.ExpressionCodegen.visitCall(ExpressionCodegen.kt:644)
	at org.jetbrains.kotlin.backend.jvm.codegen.ExpressionCodegen.visitCall(ExpressionCodegen.kt:138)
	at org.jetbrains.kotlin.ir.expressions.IrCall.accept(IrCall.kt:24)
	at org.jetbrains.kotlin.backend.jvm.codegen.ExpressionCodegen.visitVariable(ExpressionCodegen.kt:790)
	at org.jetbrains.kotlin.backend.jvm.codegen.ExpressionCodegen.visitVariable(ExpressionCodegen.kt:138)
	at org.jetbrains.kotlin.ir.declarations.IrVariable.accept(IrVariable.kt:36)
	at org.jetbrains.kotlin.backend.jvm.codegen.ExpressionCodegen.visitStatementContainer(ExpressionCodegen.kt:579)
	at org.jetbrains.kotlin.backend.jvm.codegen.ExpressionCodegen.visitContainerExpression(ExpressionCodegen.kt:593)
	at org.jetbrains.kotlin.backend.jvm.codegen.ExpressionCodegen.visitContainerExpression(ExpressionCodegen.kt:138)
	at org.jetbrains.kotlin.ir.visitors.IrElementVisitor$DefaultImpls.visitBlock(IrElementVisitor.kt:122)
	at org.jetbrains.kotlin.backend.jvm.codegen.ExpressionCodegen.visitBlock(ExpressionCodegen.kt:413)
	at org.jetbrains.kotlin.backend.jvm.codegen.ExpressionCodegen.visitBlock(ExpressionCodegen.kt:138)
	at org.jetbrains.kotlin.ir.expressions.IrBlock.accept(IrBlock.kt:18)
	at org.jetbrains.kotlin.backend.jvm.codegen.ExpressionCodegen.visitStatementContainer(ExpressionCodegen.kt:579)
	at org.jetbrains.kotlin.backend.jvm.codegen.ExpressionCodegen.visitContainerExpression(ExpressionCodegen.kt:593)
	at org.jetbrains.kotlin.backend.jvm.codegen.ExpressionCodegen.visitContainerExpression(ExpressionCodegen.kt:138)
	at org.jetbrains.kotlin.ir.visitors.IrElementVisitor$DefaultImpls.visitComposite(IrElementVisitor.kt:125)
	at org.jetbrains.kotlin.backend.jvm.codegen.ExpressionCodegen.visitComposite(ExpressionCodegen.kt:138)
	at org.jetbrains.kotlin.backend.jvm.codegen.ExpressionCodegen.visitComposite(ExpressionCodegen.kt:138)
	at org.jetbrains.kotlin.ir.expressions.IrComposite.accept(IrComposite.kt:18)
	at org.jetbrains.kotlin.backend.jvm.codegen.ExpressionCodegen.visitDoWhileLoop(ExpressionCodegen.kt:1238)
	at org.jetbrains.kotlin.backend.jvm.codegen.ExpressionCodegen.visitDoWhileLoop(ExpressionCodegen.kt:138)
	at org.jetbrains.kotlin.ir.expressions.IrDoWhileLoop.accept(IrDoWhileLoop.kt:19)
	at org.jetbrains.kotlin.backend.jvm.codegen.ExpressionCodegen.visitStatementContainer(ExpressionCodegen.kt:579)
	at org.jetbrains.kotlin.backend.jvm.codegen.ExpressionCodegen.visitContainerExpression(ExpressionCodegen.kt:593)
	at org.jetbrains.kotlin.backend.jvm.codegen.ExpressionCodegen.visitContainerExpression(ExpressionCodegen.kt:138)
	at org.jetbrains.kotlin.ir.visitors.IrElementVisitor$DefaultImpls.visitBlock(IrElementVisitor.kt:122)
	at org.jetbrains.kotlin.backend.jvm.codegen.ExpressionCodegen.visitBlock(ExpressionCodegen.kt:413)
	at org.jetbrains.kotlin.backend.jvm.codegen.ExpressionCodegen.visitBlock(ExpressionCodegen.kt:138)
	at org.jetbrains.kotlin.ir.expressions.IrBlock.accept(IrBlock.kt:18)
	at org.jetbrains.kotlin.backend.jvm.codegen.ExpressionCodegen.visitStatementContainer(ExpressionCodegen.kt:579)
	at org.jetbrains.kotlin.backend.jvm.codegen.ExpressionCodegen.visitBlockBody(ExpressionCodegen.kt:584)
	at org.jetbrains.kotlin.backend.jvm.codegen.ExpressionCodegen.visitBlockBody(ExpressionCodegen.kt:138)
	at org.jetbrains.kotlin.ir.expressions.IrBlockBody.accept(IrBlockBody.kt:20)
	at org.jetbrains.kotlin.backend.jvm.codegen.ExpressionCodegen.generate(ExpressionCodegen.kt:240)
	at org.jetbrains.kotlin.backend.jvm.codegen.FunctionCodegen.doGenerate(FunctionCodegen.kt:123)
	at org.jetbrains.kotlin.backend.jvm.codegen.FunctionCodegen.generate(FunctionCodegen.kt:44)
	... 54 more
Caused by: java.lang.AssertionError: access of const val: SET_FIELD 'FIELD IR_EXTERNAL_JAVA_DECLARATION_STUB name:textStyle type:kotlin.Int visibility:public [final,static] declared in android.R.attr' type=kotlin.Unit superQualifierSymbol=android.R.attr origin=EQ
  value: CONST Int type=kotlin.Int value=1

	at org.jetbrains.kotlin.backend.jvm.codegen.ExpressionCodegen.visitFieldAccess(ExpressionCodegen.kt:861)
	at org.jetbrains.kotlin.backend.jvm.codegen.ExpressionCodegen.visitFieldAccess(ExpressionCodegen.kt:138)
	at org.jetbrains.kotlin.ir.visitors.IrElementVisitor$DefaultImpls.visitSetField(IrElementVisitor.kt:206)
	at org.jetbrains.kotlin.backend.jvm.codegen.ExpressionCodegen.visitSetField(ExpressionCodegen.kt:908)
	at org.jetbrains.kotlin.backend.jvm.codegen.ExpressionCodegen.visitSetField(ExpressionCodegen.kt:138)
	at org.jetbrains.kotlin.ir.expressions.IrSetField.accept(IrSetField.kt:21)
	at org.jetbrains.kotlin.backend.jvm.codegen.ExpressionCodegen.visitStatementContainer(ExpressionCodegen.kt:579)
	at org.jetbrains.kotlin.backend.jvm.codegen.ExpressionCodegen.visitBlockBody(ExpressionCodegen.kt:584)
	at org.jetbrains.kotlin.backend.jvm.codegen.ExpressionCodegen.visitBlockBody(ExpressionCodegen.kt:138)
	at org.jetbrains.kotlin.ir.expressions.IrBlockBody.accept(IrBlockBody.kt:20)
	at org.jetbrains.kotlin.backend.jvm.codegen.ExpressionCodegen.generate(ExpressionCodegen.kt:240)
	at org.jetbrains.kotlin.backend.jvm.codegen.FunctionCodegen.doGenerate(FunctionCodegen.kt:123)
	at org.jetbrains.kotlin.backend.jvm.codegen.FunctionCodegen.generate(FunctionCodegen.kt:44)
	... 95 more


